<?xml version="1.0" encoding="UTF-8" ?>
<testsuites>

  <testsuite name="Factory" errors="0" tests="12" failures="0" time="0.211" timestamp="2013-10-10T19:47:17.349Z">
    
      <testcase assertions="1" classname="Factory" name="Factory has the right type" time="0.156">
        
      </testcase>
    
      <testcase assertions="1" classname="Factory" name="Factory object has the right type" time="0.003">
        
      </testcase>
    
      <testcase assertions="1" classname="Factory" name="user object has the right type" time="0.001">
        
      </testcase>
    
      <testcase assertions="1" classname="Factory" name="user object gives accepted name back" time="0.002">
        
      </testcase>
    
      <testcase assertions="1" classname="Factory" name="user object gives accepted fullname back" time="0.002">
        
      </testcase>
    
      <testcase assertions="1" classname="Factory" name="current user is not adult" time="0.002">
        
      </testcase>
    
      <testcase assertions="1" classname="Factory" name="user object has the right type" time="0.001">
        
      </testcase>
    
      <testcase assertions="1" classname="Factory" name="user object gives accepted name back" time="0.002">
        
      </testcase>
    
      <testcase assertions="1" classname="Factory" name="user object gives accepted fullname back" time="0.001">
        
      </testcase>
    
      <testcase assertions="1" classname="Factory" name="current user is not adult" time="0.003">
        
      </testcase>
    
      <testcase assertions="1" classname="Factory" name="get right amount" time="0.002">
        
      </testcase>
    
      <testcase assertions="1" classname="Factory" name="set new amount" time="0.002">
        
      </testcase>
    
  </testsuite>

</testsuites>